<?xml version="1.0" encoding="utf-8" standalone="no"?>
<!--This file represents the results of running a test suite-->
<test-results name="C:\atilla\Projects\DotNetProjects\karkas\Karkas.Ornek\Karkas.Ornek.ConsoleApp\Karkas.Ornek.ConsoleApp.nunit" total="2" failures="0" not-run="0" date="2008-09-10" time="10:52:16">
  <environment nunit-version="2.4.8.0" clr-version="2.0.50727.3053" os-version="Microsoft Windows NT 5.1.2600 Service Pack 3" platform="Win32NT" cwd="C:\atilla\Projects\DotNetProjects\karkas\Karkas.Ornek\Karkas.Ornek.ConsoleApp" machine-name="BIM-FATIH" user="atilla.ozgur" user-domain="INTDOMAIN" />
  <culture-info current-culture="tr-TR" current-uiculture="tr-TR" />
  <test-suite name="C:\atilla\Projects\DotNetProjects\karkas\Karkas.Ornek\Karkas.Ornek.ConsoleApp\Karkas.Ornek.ConsoleApp.nunit" success="True" time="1.125" asserts="0">
    <results>
      <test-suite name="C:\atilla\Projects\DotNetProjects\karkas\Karkas.Ornek\Karkas.Ornek.ConsoleApp\bin\Debug\Karkas.Ornek.ConsoleApp.exe" success="True" time="1.125" asserts="0">
        <results>
          <test-suite name="Karkas" success="True" time="1.125" asserts="0">
            <results>
              <test-suite name="Ornek" success="True" time="1.125" asserts="0">
                <results>
                  <test-suite name="ConsoleApp" success="True" time="1.109" asserts="0">
                    <results>
                      <test-suite name="Testler" success="True" time="1.109" asserts="0">
                        <results>
                          <test-suite name="DenemeGuidIdentityTest" success="True" time="1.094" asserts="0">
                            <results>
                              <test-case name="Karkas.Ornek.ConsoleApp.Testler.DenemeGuidIdentityTest.Ekle" executed="True" success="True" time="1.047" asserts="0" />
                              <test-case name="Karkas.Ornek.ConsoleApp.Testler.DenemeGuidIdentityTest.Guncelle" executed="True" success="True" time="0.016" asserts="0" />
                            </results>
                          </test-suite>
                        </results>
                      </test-suite>
                    </results>
                  </test-suite>
                </results>
              </test-suite>
            </results>
          </test-suite>
        </results>
      </test-suite>
    </results>
  </test-suite>
</test-results>